#
# There is insufficient memory for the Java Runtime Environment to continue.
# Native memory allocation (malloc) failed to allocate 1032976 bytes for Chunk::new
# Possible reasons:
#   The system is out of physical RAM or swap space
#   In 32 bit mode, the process size limit was hit
# Possible solutions:
#   Reduce memory load on the system
#   Increase physical memory or swap space
#   Check if swap backing store is full
#   Use 64 bit Java on a 64 bit OS
#   Decrease Java heap size (-Xmx/-Xms)
#   Decrease number of Java threads
#   Decrease Java thread stack sizes (-Xss)
#   Set larger code cache with -XX:ReservedCodeCacheSize=
# This output file may be truncated or incomplete.
#
#  Out of Memory Error (allocation.cpp:390), pid=9324, tid=0x00000000000075a8
#
# JRE version: Java(TM) SE Runtime Environment (8.0_191-b12) (build 1.8.0_191-b12)
# Java VM: Java HotSpot(TM) 64-Bit Server VM (25.191-b12 mixed mode windows-amd64 compressed oops)
# Failed to write core dump. Minidumps are not enabled by default on client versions of Windows
#

---------------  T H R E A D  ---------------

Current thread (0x000000001e012800):  JavaThread "C2 CompilerThread0" daemon [_thread_in_native, id=30120, stack(0x000000001e8e0000,0x000000001e9e0000)]

Stack: [0x000000001e8e0000,0x000000001e9e0000]
[error occurred during error reporting (printing stack bounds), id 0xc0000005]

Native frames: (J=compiled Java code, j=interpreted, Vv=VM code, C=native code)


Current CompileTask:
C2:   7836 4896       4       org.springframework.core.ResolvableType::forType (115 bytes)


---------------  P R O C E S S  ---------------

Java Threads: ( => current thread )
  0x000000002363b800 JavaThread "HikariPool-1 connection adder" daemon [_thread_blocked, id=19256, stack(0x0000000022820000,0x0000000022920000)]
  0x000000002363c000 JavaThread "HikariPool-1 housekeeper" daemon [_thread_blocked, id=1544, stack(0x0000000020ab0000,0x0000000020bb0000)]
  0x000000001e256000 JavaThread "surefire-forkedjvm-ping-30s" daemon [_thread_blocked, id=29876, stack(0x000000001efe0000,0x000000001f0e0000)]
  0x000000001e20c000 JavaThread "surefire-forkedjvm-command-thread" daemon [_thread_in_native, id=24820, stack(0x000000001eee0000,0x000000001efe0000)]
  0x000000001e0ed800 JavaThread "Service Thread" daemon [_thread_blocked, id=12524, stack(0x000000001ece0000,0x000000001ede0000)]
  0x000000001e062000 JavaThread "C1 CompilerThread3" daemon [_thread_in_native, id=20024, stack(0x000000001ebe0000,0x000000001ece0000)]
  0x000000001e015800 JavaThread "C2 CompilerThread2" daemon [_thread_in_native, id=15524, stack(0x000000001eae0000,0x000000001ebe0000)]
  0x000000001e014800 JavaThread "C2 CompilerThread1" daemon [_thread_in_native, id=13400, stack(0x000000001e9e0000,0x000000001eae0000)]
=>0x000000001e012800 JavaThread "C2 CompilerThread0" daemon [_thread_in_native, id=30120, stack(0x000000001e8e0000,0x000000001e9e0000)]
  0x000000001e00f800 JavaThread "Attach Listener" daemon [_thread_blocked, id=4892, stack(0x000000001e7e0000,0x000000001e8e0000)]
  0x000000001e05f800 JavaThread "Signal Dispatcher" daemon [_thread_blocked, id=26108, stack(0x000000001e6e0000,0x000000001e7e0000)]
  0x000000001e001000 JavaThread "Finalizer" daemon [_thread_blocked, id=9960, stack(0x000000001e4e0000,0x000000001e5e0000)]
  0x000000001e000800 JavaThread "Reference Handler" daemon [_thread_blocked, id=14248, stack(0x000000001e3e0000,0x000000001e4e0000)]
  0x0000000002802800 JavaThread "main" [_thread_in_native, id=16444, stack(0x0000000002630000,0x0000000002730000)]

Other Threads:
  0x000000001c209800 VMThread [stack: 0x000000001dee0000,0x000000001dfe0000] [id=26304]
  0x000000001e121000 WatcherThread [stack: 0x000000001ede0000,0x000000001eee0000] [id=13764]

VM state:not at safepoint (normal execution)

VM Mutex/Monitor currently owned by a thread:  ([mutex/lock_event])
[0x00000000028013d0] Compile_lock - owner thread: 0x0000000000000000

Heap:
 PSYoungGen      total 312320K, used 176989K [0x000000076be00000, 0x0000000780100000, 0x00000007c0000000)
  eden space 295936K, 59% used [0x000000076be00000,0x0000000776ad7628,0x000000077df00000)
  from space 16384K, 0% used [0x000000077e100000,0x000000077e100000,0x000000077f100000)
  to   space 13312K, 0% used [0x000000077f400000,0x000000077f400000,0x0000000780100000)
 ParOldGen       total 165376K, used 24851K [0x00000006c3a00000, 0x00000006cdb80000, 0x000000076be00000)
  object space 165376K, 15% used [0x00000006c3a00000,0x00000006c5244f08,0x00000006cdb80000)
 Metaspace       used 59730K, capacity 63916K, committed 64176K, reserved 1103872K
  class space    used 8401K, capacity 9110K, committed 9136K, reserved 1048576K

Card table byte_map: [0x0000000011cc0000,0x00000000124b0000] byte_map_base: 0x000000000e6a3000

Marking Bits: (ParMarkBitMap*) 0x0000000059d03e30
 Begin Bits: [0x0000000013200000, 0x0000000017118000)
 End Bits:   [0x0000000017118000, 0x000000001b030000)

Polling page: 0x00000000025e0000

CodeCache: size=245760Kb used=16349Kb max_used=16349Kb free=229410Kb
 bounds [0x0000000002900000, 0x0000000003910000, 0x0000000011900000]
 total_blobs=4958 nmethods=4428 adapters=441
 compilation: enabled

Compilation events (10 events):
Event: 7.718 Thread 0x000000001e062000 4989       3       java.util.regex.Pattern::newSlice (181 bytes)
Event: 7.718 Thread 0x000000001e062000 nmethod 4989 0x00000000038e6b10 code [0x00000000038e6e00, 0x00000000038e8248]
Event: 7.718 Thread 0x000000001e062000 4990       3       java.util.regex.Pattern::RemoveQEQuoting (346 bytes)
Event: 7.719 Thread 0x000000001e062000 nmethod 4990 0x00000000038ed4d0 code [0x00000000038ed720, 0x00000000038ee838]
Event: 7.720 Thread 0x000000001e062000 4991       3       org.springframework.context.support.PostProcessorRegistrationDelegate$BeanPostProcessorChecker::isInfrastructureBean (46 bytes)
Event: 7.721 Thread 0x000000001e062000 nmethod 4991 0x00000000038e6390 code [0x00000000038e6520, 0x00000000038e6968]
Event: 7.721 Thread 0x000000001e062000 4992   !   3       com.sun.proxy.$Proxy116::annotationType (29 bytes)
Event: 7.721 Thread 0x000000001e062000 nmethod 4992 0x00000000038ef190 code [0x00000000038ef320, 0x00000000038ef758]
Event: 7.729 Thread 0x000000001e062000 4993       3       com.fasterxml.jackson.databind.type.ClassKey::<init> (29 bytes)
Event: 7.730 Thread 0x000000001e062000 nmethod 4993 0x00000000038ef910 code [0x00000000038efaa0, 0x00000000038efed8]

GC Heap History (10 events):
Event: 3.275 GC heap before
{Heap before GC invocations=8 (full 1):
 PSYoungGen      total 184832K, used 15997K [0x000000076be00000, 0x0000000779900000, 0x00000007c0000000)
  eden space 174592K, 3% used [0x000000076be00000,0x000000076c39fbf8,0x0000000776880000)
  from space 10240K, 99% used [0x0000000777580000,0x0000000777f7fbf0,0x0000000777f80000)
  to   space 13312K, 0% used [0x0000000776880000,0x0000000776880000,0x0000000777580000)
 ParOldGen       total 90624K, used 9186K [0x00000006c3a00000, 0x00000006c9280000, 0x000000076be00000)
  object space 90624K, 10% used [0x00000006c3a00000,0x00000006c42f8a00,0x00000006c9280000)
 Metaspace       used 33084K, capacity 35318K, committed 35496K, reserved 1079296K
  class space    used 4402K, capacity 4821K, committed 4912K, reserved 1048576K
Event: 3.281 GC heap after
Heap after GC invocations=8 (full 1):
 PSYoungGen      total 187904K, used 8712K [0x000000076be00000, 0x0000000780100000, 0x00000007c0000000)
  eden space 174592K, 0% used [0x000000076be00000,0x000000076be00000,0x0000000776880000)
  from space 13312K, 65% used [0x0000000776880000,0x00000007771021b0,0x0000000777580000)
  to   space 13312K, 0% used [0x000000077f400000,0x000000077f400000,0x0000000780100000)
 ParOldGen       total 90624K, used 9194K [0x00000006c3a00000, 0x00000006c9280000, 0x000000076be00000)
  object space 90624K, 10% used [0x00000006c3a00000,0x00000006c42faa00,0x00000006c9280000)
 Metaspace       used 33084K, capacity 35318K, committed 35496K, reserved 1079296K
  class space    used 4402K, capacity 4821K, committed 4912K, reserved 1048576K
}
Event: 3.281 GC heap before
{Heap before GC invocations=9 (full 2):
 PSYoungGen      total 187904K, used 8712K [0x000000076be00000, 0x0000000780100000, 0x00000007c0000000)
  eden space 174592K, 0% used [0x000000076be00000,0x000000076be00000,0x0000000776880000)
  from space 13312K, 65% used [0x0000000776880000,0x00000007771021b0,0x0000000777580000)
  to   space 13312K, 0% used [0x000000077f400000,0x000000077f400000,0x0000000780100000)
 ParOldGen       total 90624K, used 9194K [0x00000006c3a00000, 0x00000006c9280000, 0x000000076be00000)
  object space 90624K, 10% used [0x00000006c3a00000,0x00000006c42faa00,0x00000006c9280000)
 Metaspace       used 33084K, capacity 35318K, committed 35496K, reserved 1079296K
  class space    used 4402K, capacity 4821K, committed 4912K, reserved 1048576K
Event: 3.313 GC heap after
Heap after GC invocations=9 (full 2):
 PSYoungGen      total 187904K, used 0K [0x000000076be00000, 0x0000000780100000, 0x00000007c0000000)
  eden space 174592K, 0% used [0x000000076be00000,0x000000076be00000,0x0000000776880000)
  from space 13312K, 0% used [0x0000000776880000,0x0000000776880000,0x0000000777580000)
  to   space 13312K, 0% used [0x000000077f400000,0x000000077f400000,0x0000000780100000)
 ParOldGen       total 121856K, used 13473K [0x00000006c3a00000, 0x00000006cb100000, 0x000000076be00000)
  object space 121856K, 11% used [0x00000006c3a00000,0x00000006c4728668,0x00000006cb100000)
 Metaspace       used 33084K, capacity 35318K, committed 35496K, reserved 1079296K
  class space    used 4402K, capacity 4821K, committed 4912K, reserved 1048576K
}
Event: 5.080 GC heap before
{Heap before GC invocations=10 (full 2):
 PSYoungGen      total 187904K, used 174592K [0x000000076be00000, 0x0000000780100000, 0x00000007c0000000)
  eden space 174592K, 100% used [0x000000076be00000,0x0000000776880000,0x0000000776880000)
  from space 13312K, 0% used [0x0000000776880000,0x0000000776880000,0x0000000777580000)
  to   space 13312K, 0% used [0x000000077f400000,0x000000077f400000,0x0000000780100000)
 ParOldGen       total 121856K, used 13473K [0x00000006c3a00000, 0x00000006cb100000, 0x000000076be00000)
  object space 121856K, 11% used [0x00000006c3a00000,0x00000006c4728668,0x00000006cb100000)
 Metaspace       used 49573K, capacity 52134K, committed 52400K, reserved 1093632K
  class space    used 6859K, capacity 7331K, committed 7344K, reserved 1048576K
Event: 5.093 GC heap after
Heap after GC invocations=10 (full 2):
 PSYoungGen      total 309248K, used 13287K [0x000000076be00000, 0x0000000780100000, 0x00000007c0000000)
  eden space 295936K, 0% used [0x000000076be00000,0x000000076be00000,0x000000077df00000)
  from space 13312K, 99% used [0x000000077f400000,0x00000007800f9ef8,0x0000000780100000)
  to   space 16384K, 0% used [0x000000077e100000,0x000000077e100000,0x000000077f100000)
 ParOldGen       total 121856K, used 16659K [0x00000006c3a00000, 0x00000006cb100000, 0x000000076be00000)
  object space 121856K, 13% used [0x00000006c3a00000,0x00000006c4a44e50,0x00000006cb100000)
 Metaspace       used 49573K, capacity 52134K, committed 52400K, reserved 1093632K
  class space    used 6859K, capacity 7331K, committed 7344K, reserved 1048576K
}
Event: 6.370 GC heap before
{Heap before GC invocations=11 (full 2):
 PSYoungGen      total 309248K, used 151312K [0x000000076be00000, 0x0000000780100000, 0x00000007c0000000)
  eden space 295936K, 46% used [0x000000076be00000,0x00000007744ca140,0x000000077df00000)
  from space 13312K, 99% used [0x000000077f400000,0x00000007800f9ef8,0x0000000780100000)
  to   space 16384K, 0% used [0x000000077e100000,0x000000077e100000,0x000000077f100000)
 ParOldGen       total 121856K, used 16659K [0x00000006c3a00000, 0x00000006cb100000, 0x000000076be00000)
  object space 121856K, 13% used [0x00000006c3a00000,0x00000006c4a44e50,0x00000006cb100000)
 Metaspace       used 55763K, capacity 59110K, committed 59160K, reserved 1099776K
  class space    used 7735K, capacity 8319K, committed 8368K, reserved 1048576K
Event: 6.380 GC heap after
Heap after GC invocations=11 (full 2):
 PSYoungGen      total 312320K, used 12909K [0x000000076be00000, 0x0000000780100000, 0x00000007c0000000)
  eden space 295936K, 0% used [0x000000076be00000,0x000000076be00000,0x000000077df00000)
  from space 16384K, 78% used [0x000000077e100000,0x000000077ed9b7a8,0x000000077f100000)
  to   space 13312K, 0% used [0x000000077f400000,0x000000077f400000,0x0000000780100000)
 ParOldGen       total 121856K, used 16667K [0x00000006c3a00000, 0x00000006cb100000, 0x000000076be00000)
  object space 121856K, 13% used [0x00000006c3a00000,0x00000006c4a46e50,0x00000006cb100000)
 Metaspace       used 55763K, capacity 59110K, committed 59160K, reserved 1099776K
  class space    used 7735K, capacity 8319K, committed 8368K, reserved 1048576K
}
Event: 6.380 GC heap before
{Heap before GC invocations=12 (full 3):
 PSYoungGen      total 312320K, used 12909K [0x000000076be00000, 0x0000000780100000, 0x00000007c0000000)
  eden space 295936K, 0% used [0x000000076be00000,0x000000076be00000,0x000000077df00000)
  from space 16384K, 78% used [0x000000077e100000,0x000000077ed9b7a8,0x000000077f100000)
  to   space 13312K, 0% used [0x000000077f400000,0x000000077f400000,0x0000000780100000)
 ParOldGen       total 121856K, used 16667K [0x00000006c3a00000, 0x00000006cb100000, 0x000000076be00000)
  object space 121856K, 13% used [0x00000006c3a00000,0x00000006c4a46e50,0x00000006cb100000)
 Metaspace       used 55763K, capacity 59110K, committed 59160K, reserved 1099776K
  class space    used 7735K, capacity 8319K, committed 8368K, reserved 1048576K
Event: 6.547 GC heap after
Heap after GC invocations=12 (full 3):
 PSYoungGen      total 312320K, used 0K [0x000000076be00000, 0x0000000780100000, 0x00000007c0000000)
  eden space 295936K, 0% used [0x000000076be00000,0x000000076be00000,0x000000077df00000)
  from space 16384K, 0% used [0x000000077e100000,0x000000077e100000,0x000000077f100000)
  to   space 13312K, 0% used [0x000000077f400000,0x000000077f400000,0x0000000780100000)
 ParOldGen       total 165376K, used 24851K [0x00000006c3a00000, 0x00000006cdb80000, 0x000000076be00000)
  object space 165376K, 15% used [0x00000006c3a00000,0x00000006c5244f08,0x00000006cdb80000)
 Metaspace       used 55763K, capacity 59110K, committed 59160K, reserved 1099776K
  class space    used 7735K, capacity 8319K, committed 8368K, reserved 1048576K
}

Deoptimization events (10 events):
Event: 6.791 Thread 0x0000000002802800 Uncommon trap: reason=bimorphic action=maybe_recompile pc=0x0000000003345f80 method=org.springframework.core.annotation.TypeMappedAnnotation.getValue(IZZ)Ljava/lang/Object; @ 121
Event: 6.964 Thread 0x0000000002802800 Uncommon trap: reason=unstable_if action=reinterpret pc=0x0000000003330300 method=org.springframework.beans.factory.support.AbstractBeanFactory.isTypeMatch(Ljava/lang/String;Lorg/springframework/core/ResolvableType;Z)Z @ 34
Event: 7.012 Thread 0x0000000002802800 Uncommon trap: reason=range_check action=make_not_entrant pc=0x000000000367cbc4 method=java.util.zip.ZipUtils.get16([BI)I @ 10
Event: 7.086 Thread 0x0000000002802800 Uncommon trap: reason=unstable_if action=reinterpret pc=0x0000000003616ba8 method=java.util.concurrent.ConcurrentHashMap.putVal(Ljava/lang/Object;Ljava/lang/Object;Z)Ljava/lang/Object; @ 331
Event: 7.086 Thread 0x0000000002802800 Uncommon trap: reason=unstable_if action=reinterpret pc=0x00000000035b8144 method=java.util.concurrent.ConcurrentHashMap.get(Ljava/lang/Object;)Ljava/lang/Object; @ 86
Event: 7.088 Thread 0x0000000002802800 Uncommon trap: reason=unstable_if action=reinterpret pc=0x0000000002e61d78 method=java.util.concurrent.ConcurrentHashMap.transfer([Ljava/util/concurrent/ConcurrentHashMap$Node;[Ljava/util/concurrent/ConcurrentHashMap$Node;)V @ 356
Event: 7.254 Thread 0x0000000002802800 Uncommon trap: reason=unstable_if action=reinterpret pc=0x00000000037bd264 method=org.springframework.core.annotation.AnnotationsScanner.processClassHierarchy(Ljava/lang/Object;[ILjava/lang/Class;Lorg/springframework/core/annotation/AnnotationsProcessor;Z
Event: 7.290 Thread 0x0000000002802800 Uncommon trap: reason=range_check action=make_not_entrant pc=0x0000000002ed9970 method=java.lang.String.charAt(I)C @ 27
Event: 7.340 Thread 0x0000000002802800 Uncommon trap: reason=unstable_if action=reinterpret pc=0x0000000002ccba44 method=org.springframework.core.annotation.AnnotationsScanner.isKnownEmpty(Ljava/lang/reflect/AnnotatedElement;Lorg/springframework/core/annotation/MergedAnnotations$SearchStrategy
Event: 7.478 Thread 0x0000000002802800 Uncommon trap: reason=unstable_if action=reinterpret pc=0x0000000002e96368 method=java.io.WinNTFileSystem.normalize(Ljava/lang/String;II)Ljava/lang/String; @ 103

Classes redefined (0 events):
No events

Internal exceptions (10 events):
Event: 7.736 Thread 0x0000000002802800 Exception <a 'java/lang/ClassNotFoundException': java/lang/ObjectCustomizer> (0x00000007754fefa8) thrown at [C:\re\workspace\8-2-build-windows-amd64-cygwin\jdk8u191\11896\hotspot\src\share\vm\classfile\systemDictionary.cpp, line 210]
Event: 7.736 Thread 0x0000000002802800 Exception <a 'java/lang/ClassNotFoundException': org/springframework/data/web/SortHandlerMethodArgumentResolverSupportCustomizer> (0x0000000775528a50) thrown at [C:\re\workspace\8-2-build-windows-amd64-cygwin\jdk8u191\11896\hotspot\src\share\vm\classfile\
Event: 7.736 Thread 0x0000000002802800 Exception <a 'java/lang/ClassNotFoundException': org/springframework/data/web/SortHandlerMethodArgumentResolverCustomizer> (0x0000000775552760) thrown at [C:\re\workspace\8-2-build-windows-amd64-cygwin\jdk8u191\11896\hotspot\src\share\vm\classfile\systemD
Event: 7.737 Thread 0x0000000002802800 Exception <a 'java/lang/ClassNotFoundException': org/springframework/data/web/SortArgumentResolverCustomizer> (0x00000007755797c8) thrown at [C:\re\workspace\8-2-build-windows-amd64-cygwin\jdk8u191\11896\hotspot\src\share\vm\classfile\systemDictionary.cpp
Event: 7.737 Thread 0x0000000002802800 Exception <a 'java/lang/ClassNotFoundException': org/springframework/web/method/support/HandlerMethodArgumentResolverCustomizer> (0x00000007755a2098) thrown at [C:\re\workspace\8-2-build-windows-amd64-cygwin\jdk8u191\11896\hotspot\src\share\vm\classfile\s
Event: 7.740 Thread 0x0000000002802800 Exception <a 'java/lang/ClassNotFoundException': java/lang/ObjectCustomizer> (0x0000000775604d98) thrown at [C:\re\workspace\8-2-build-windows-amd64-cygwin\jdk8u191\11896\hotspot\src\share\vm\classfile\systemDictionary.cpp, line 210]
Event: 7.741 Thread 0x0000000002802800 Exception <a 'java/lang/ClassNotFoundException': org/springframework/data/web/PageableHandlerMethodArgumentResolverSupportCustomizer> (0x0000000775630548) thrown at [C:\re\workspace\8-2-build-windows-amd64-cygwin\jdk8u191\11896\hotspot\src\share\vm\classf
Event: 7.741 Thread 0x0000000002802800 Exception <a 'java/lang/ClassNotFoundException': org/springframework/data/web/PageableHandlerMethodArgumentResolverCustomizer> (0x000000077565d0e0) thrown at [C:\re\workspace\8-2-build-windows-amd64-cygwin\jdk8u191\11896\hotspot\src\share\vm\classfile\sys
Event: 7.741 Thread 0x0000000002802800 Exception <a 'java/lang/ClassNotFoundException': org/springframework/data/web/PageableArgumentResolverCustomizer> (0x0000000775688d50) thrown at [C:\re\workspace\8-2-build-windows-amd64-cygwin\jdk8u191\11896\hotspot\src\share\vm\classfile\systemDictionary
Event: 7.742 Thread 0x0000000002802800 Exception <a 'java/lang/ClassNotFoundException': org/springframework/web/method/support/HandlerMethodArgumentResolverCustomizer> (0x00000007756b1210) thrown at [C:\re\workspace\8-2-build-windows-amd64-cygwin\jdk8u191\11896\hotspot\src\share\vm\classfile\s

Events (10 events):
Event: 7.744 loading class org/springframework/web/servlet/mvc/method/annotation/AbstractMappingJacksonResponseBodyAdvice
Event: 7.744 loading class org/springframework/web/servlet/mvc/method/annotation/AbstractMappingJacksonResponseBodyAdvice done
Event: 7.744 loading class org/springframework/web/servlet/mvc/method/annotation/ResponseBodyAdvice
Event: 7.744 loading class org/springframework/web/servlet/mvc/method/annotation/ResponseBodyAdvice done
Event: 7.745 loading class java/util/concurrent/RejectedExecutionException
Event: 7.745 loading class java/util/concurrent/RejectedExecutionException done
Event: 7.745 loading class org/springframework/core/task/TaskRejectedException
Event: 7.745 loading class org/springframework/core/task/TaskRejectedException done
Event: 7.746 loading class org/springframework/scheduling/concurrent/ThreadPoolTaskExecutor$1
Event: 7.746 loading class org/springframework/scheduling/concurrent/ThreadPoolTaskExecutor$1 done


Dynamic libraries:
0x00007ff6f4a10000 - 0x00007ff6f4a47000 	C:\Program Files\Java\jdk1.8.0_191\jre\bin\java.exe
0x00007ffca2ae0000 - 0x00007ffca2cd0000 	C:\WINDOWS\SYSTEM32\ntdll.dll
0x00007ffca1fe0000 - 0x00007ffca2092000 	C:\WINDOWS\System32\KERNEL32.DLL
0x00007ffca04e0000 - 0x00007ffca0785000 	C:\WINDOWS\System32\KERNELBASE.dll
0x00007ffca23f0000 - 0x00007ffca2493000 	C:\WINDOWS\System32\ADVAPI32.dll
0x00007ffca0bf0000 - 0x00007ffca0c8e000 	C:\WINDOWS\System32\msvcrt.dll
0x00007ffca1d80000 - 0x00007ffca1e17000 	C:\WINDOWS\System32\sechost.dll
0x00007ffca2930000 - 0x00007ffca2a4f000 	C:\WINDOWS\System32\RPCRT4.dll
0x00007ffca26c0000 - 0x00007ffca2854000 	C:\WINDOWS\System32\USER32.dll
0x00007ffca0b60000 - 0x00007ffca0b81000 	C:\WINDOWS\System32\win32u.dll
0x00007ffca2340000 - 0x00007ffca2366000 	C:\WINDOWS\System32\GDI32.dll
0x00007ffca0970000 - 0x00007ffca0b08000 	C:\WINDOWS\System32\gdi32full.dll
0x00007ffca0790000 - 0x00007ffca082e000 	C:\WINDOWS\System32\msvcp_win.dll
0x00007ffc9fa50000 - 0x00007ffc9fb4a000 	C:\WINDOWS\System32\ucrtbase.dll
0x00007ffc92bf0000 - 0x00007ffc92e74000 	C:\WINDOWS\WinSxS\amd64_microsoft.windows.common-controls_6595b64144ccf1df_6.0.18362.1500_none_9e79be6de462295c\COMCTL32.dll
0x00007ffca1500000 - 0x00007ffca1836000 	C:\WINDOWS\System32\combase.dll
0x00007ffc9fb50000 - 0x00007ffc9fbd1000 	C:\WINDOWS\System32\bcryptPrimitives.dll
0x00007ffca2a70000 - 0x00007ffca2a9e000 	C:\WINDOWS\System32\IMM32.DLL
0x0000000059d90000 - 0x0000000059e62000 	C:\Program Files\Java\jdk1.8.0_191\jre\bin\msvcr100.dll
0x00000000594e0000 - 0x0000000059d84000 	C:\Program Files\Java\jdk1.8.0_191\jre\bin\server\jvm.dll
0x00007ffca2650000 - 0x00007ffca2658000 	C:\WINDOWS\System32\PSAPI.DLL
0x00007ffc9b2a0000 - 0x00007ffc9b2aa000 	C:\WINDOWS\SYSTEM32\VERSION.dll
0x00007ffc91270000 - 0x00007ffc91279000 	C:\WINDOWS\SYSTEM32\WSOCK32.dll
0x00007ffc9d340000 - 0x00007ffc9d364000 	C:\WINDOWS\SYSTEM32\WINMM.dll
0x00007ffca0d40000 - 0x00007ffca0daf000 	C:\WINDOWS\System32\WS2_32.dll
0x00007ffc9d310000 - 0x00007ffc9d33d000 	C:\WINDOWS\SYSTEM32\WINMMBASE.dll
0x00007ffca0b10000 - 0x00007ffca0b5a000 	C:\WINDOWS\System32\cfgmgr32.dll
0x00000000594d0000 - 0x00000000594df000 	C:\Program Files\Java\jdk1.8.0_191\jre\bin\verify.dll
0x00000000594a0000 - 0x00000000594c9000 	C:\Program Files\Java\jdk1.8.0_191\jre\bin\java.dll
0x0000000059480000 - 0x0000000059496000 	C:\Program Files\Java\jdk1.8.0_191\jre\bin\zip.dll
0x00007ffca0db0000 - 0x00007ffca1498000 	C:\WINDOWS\System32\SHELL32.dll
0x00007ffca24a0000 - 0x00007ffca2547000 	C:\WINDOWS\System32\shcore.dll
0x00007ffc9fd60000 - 0x00007ffca04db000 	C:\WINDOWS\System32\windows.storage.dll
0x00007ffc9fa10000 - 0x00007ffc9fa2e000 	C:\WINDOWS\System32\profapi.dll
0x00007ffc9f9c0000 - 0x00007ffc9fa0a000 	C:\WINDOWS\System32\powrprof.dll
0x00007ffc9f990000 - 0x00007ffc9f9a0000 	C:\WINDOWS\System32\UMPDC.dll
0x00007ffca14a0000 - 0x00007ffca14f2000 	C:\WINDOWS\System32\shlwapi.dll
0x00007ffc9f9a0000 - 0x00007ffc9f9b1000 	C:\WINDOWS\System32\kernel.appcore.dll
0x00007ffc9fbe0000 - 0x00007ffc9fbf7000 	C:\WINDOWS\System32\cryptsp.dll
0x0000000059430000 - 0x000000005943d000 	C:\Program Files\Java\jdk1.8.0_191\jre\bin\management.dll
0x0000000059460000 - 0x000000005947a000 	C:\Program Files\Java\jdk1.8.0_191\jre\bin\net.dll
0x00007ffc9f170000 - 0x00007ffc9f1d7000 	C:\WINDOWS\system32\mswsock.dll
0x0000000059440000 - 0x0000000059451000 	C:\Program Files\Java\jdk1.8.0_191\jre\bin\nio.dll
0x00007ffc9a8e0000 - 0x00007ffc9a8f6000 	C:\WINDOWS\system32\napinsp.dll
0x00007ffc99840000 - 0x00007ffc9985a000 	C:\WINDOWS\system32\pnrpnsp.dll
0x00007ffc9eed0000 - 0x00007ffc9ef9b000 	C:\WINDOWS\SYSTEM32\DNSAPI.dll
0x00007ffca1fd0000 - 0x00007ffca1fd8000 	C:\WINDOWS\System32\NSI.dll
0x00007ffc9ee80000 - 0x00007ffc9eeba000 	C:\WINDOWS\SYSTEM32\IPHLPAPI.DLL
0x00007ffc99830000 - 0x00007ffc9983e000 	C:\WINDOWS\System32\winrnr.dll
0x00007ffc9b280000 - 0x00007ffc9b29c000 	C:\WINDOWS\system32\NLAapi.dll
0x00007ffc98cf0000 - 0x00007ffc98d05000 	C:\WINDOWS\system32\wshbth.dll
0x00007ffc95460000 - 0x00007ffc9546a000 	C:\Windows\System32\rasadhlp.dll
0x00007ffc97620000 - 0x00007ffc97697000 	C:\WINDOWS\System32\fwpuclnt.dll
0x00007ffca0830000 - 0x00007ffca0856000 	C:\WINDOWS\System32\bcrypt.dll
0x00007ffc9ecf0000 - 0x00007ffc9ed23000 	C:\WINDOWS\system32\rsaenh.dll
0x00007ffc9f8b0000 - 0x00007ffc9f8d5000 	C:\WINDOWS\SYSTEM32\USERENV.dll
0x00007ffc9f340000 - 0x00007ffc9f34c000 	C:\WINDOWS\SYSTEM32\CRYPTBASE.dll
0x00007ffc981a0000 - 0x00007ffc981b6000 	C:\WINDOWS\SYSTEM32\dhcpcsvc6.DLL
0x00007ffc97f70000 - 0x00007ffc97f8c000 	C:\WINDOWS\SYSTEM32\dhcpcsvc.DLL

VM Arguments:
java_command: C:\Users\Dell\AppData\Local\Temp\surefire483465120079620159\surefirebooter6162291074946883532.jar C:\Users\Dell\AppData\Local\Temp\surefire483465120079620159 2021-07-04T17-30-21_365-jvmRun1 surefire4612602704325420336tmp surefire_05455116720929677230tmp
java_class_path (initial): C:\Users\Dell\AppData\Local\Temp\surefire483465120079620159\surefirebooter6162291074946883532.jar
Launcher Type: SUN_STANDARD

Environment Variables:
JAVA_HOME=C:\Program Files\Java\jdk1.8.0_191
PATH=E:/IDEs/STS 2/sts-4.8.1.RELEASE//plugins/org.eclipse.justj.openjdk.hotspot.jre.full.win32.x86_64_15.0.0.v20201014-1246/jre/bin/server;E:/IDEs/STS 2/sts-4.8.1.RELEASE//plugins/org.eclipse.justj.openjdk.hotspot.jre.full.win32.x86_64_15.0.0.v20201014-1246/jre/bin;C:\Python38\Scripts\;C:\Python38\;C:\Program Files (x86)\Common Files\Oracle\Java\javapath;C:\Windows\system32;C:\Windows;C:\Windows\System32\Wbem;C:\Windows\System32\WindowsPowerShell\v1.0\;C:\Windows\System32\OpenSSH\;C:\Program Files (x86)\NVIDIA Corporation\PhysX\Common;C:\Program Files\Java\jdk1.8.0_191\bin;C:\Program Files\Java\jre1.8.0_191\bin;C:\groovy-3.0.3\bin;C:\gradle-6.4\bin;C:\spring-2.2.7.RELEASE\bin;C:\Program Files\Git\cmd;C:\Program Files (x86)\Bitvise SSH Client;C:\Program Files\TortoiseGit\bin;C:\apache-maven-3.0.5\bin;C:\Program Files\nodejs\;C:\ProgramData\chocolatey\bin;C:\WINDOWS\system32;C:\WINDOWS;C:\WINDOWS\System32\Wbem;C:\WINDOWS\System32\WindowsPowerShell\v1.0\;C:\WINDOWS\System32\OpenSSH\;C:\Users\Dell\Downloads\youtube-dl.exe;C:\Program Files\MySQL\MySQL Server 8.0\bin;C:\Users\Dell\AppData\Local\Microsoft\WindowsApps;C:\Users\Dell\AppData\Roaming\npm;C:\Users\Dell\AppData\Local\Programs\Microsoft VS Code\bin;C:\Users\Dell\Downloads\youtube-dl.exe;;E:\IDEs\STS 2\sts-4.8.1.RELEASE;
USERNAME=Dell
OS=Windows_NT
PROCESSOR_IDENTIFIER=Intel64 Family 6 Model 126 Stepping 5, GenuineIntel



---------------  S Y S T E M  ---------------

OS: Windows 10.0 , 64 bit Build 18362 (10.0.18362.1500)

CPU:total 8 (initial active 8) (4 cores per cpu, 2 threads per core) family 6 model 126 stepping 5, cmov, cx8, fxsr, mmx, sse, sse2, sse3, ssse3, sse4.1, sse4.2, popcnt, avx, avx2, aes, clmul, erms, 3dnowpref, lzcnt, ht, tsc, tscinvbit, bmi1, bmi2, adx

Memory: 4k page, physical 16539104k(1741776k free), swap 33316320k(2604k free)

vm_info: Java HotSpot(TM) 64-Bit Server VM (25.191-b12) for windows-amd64 JRE (1.8.0_191-b12), built on Oct  6 2018 09:29:03 by "java_re" with MS VC++ 10.0 (VS2010)

time: Sun Jul 04 17:30:30 2021
elapsed time: 7 seconds (0d 0h 0m 7s)

